#
# There is insufficient memory for the Java Runtime Environment to continue.
# Native memory allocation (mmap) failed to map 38797312 bytes for G1 virtual space
# Possible reasons:
#   The system is out of physical RAM or swap space
#   The process is running with CompressedOops enabled, and the Java Heap may be blocking the growth of the native heap
# Possible solutions:
#   Reduce memory load on the system
#   Increase physical memory or swap space
#   Check if swap backing store is full
#   Decrease Java heap size (-Xmx/-Xms)
#   Decrease number of Java threads
#   Decrease Java thread stack sizes (-Xss)
#   Set larger code cache with -XX:ReservedCodeCacheSize=
#   JVM is running with Unscaled Compressed Oops mode in which the Java heap is
#     placed in the first 4GB address space. The Java Heap base address is the
#     maximum limit for the native heap growth. Please use -XX:HeapBaseMinAddress
#     to set the Java Heap base and to place the Java Heap above 4GB virtual address.
# This output file may be truncated or incomplete.
#
#  Out of Memory Error (os_windows.cpp:3536), pid=9992, tid=13008
#
# JRE version: Java(TM) SE Runtime Environment (19.0.2+7) (build 19.0.2+7-44)
# Java VM: Java HotSpot(TM) 64-Bit Server VM (19.0.2+7-44, mixed mode, emulated-client, sharing, tiered, compressed oops, compressed class ptrs, g1 gc, windows-amd64)
# No core dump will be written. Minidumps are not enabled by default on client versions of Windows
#

---------------  S U M M A R Y ------------

Command Line: -XX:TieredStopAtLevel=1 -Dspring.output.ansi.enabled=always -Dcom.sun.management.jmxremote -Dspring.jmx.enabled=true -Dspring.liveBeansView.mbeanDomain -Dspring.application.admin.enabled=true -Dmanagement.endpoints.jmx.exposure.include=* -javaagent:C:\Program Files\JetBrains\IntelliJ IDEA 2022.3.1\lib\idea_rt.jar=50086:C:\Program Files\JetBrains\IntelliJ IDEA 2022.3.1\bin -Dfile.encoding=UTF-8 -Dsun.stdout.encoding=UTF-8 -Dsun.stderr.encoding=UTF-8 com.hani.vol.VolApplication

Host: Intel(R) Core(TM) i7-6600U CPU @ 2.60GHz, 4 cores, 7G,  Windows 10 , 64 bit Build 19041 (10.0.19041.3155)
Time: Tue Sep  5 21:00:07 2023 Maroc (heure d64 bit Build 19041 (10.0.19041.3155) elapsed time: 10.801526 seconds (0d 0h 0m 10s)

---------------  T H R E A D  ---------------

Current thread (0x00000207f54189c0):  VMThread "VM Thread" [stack: 0x0000005c90300000,0x0000005c90400000] [id=13008]

Stack: [0x0000005c90300000,0x0000005c90400000]
Native frames: (J=compiled Java code, j=interpreted, Vv=VM code, C=native code)
V  [jvm.dll+0x6ee21a]
V  [jvm.dll+0x85765e]
V  [jvm.dll+0x85904e]
V  [jvm.dll+0x859703]
V  [jvm.dll+0x28298f]
V  [jvm.dll+0x6eb009]
V  [jvm.dll+0x6dfbaa]
V  [jvm.dll+0x3573f6]
V  [jvm.dll+0x35ee56]
V  [jvm.dll+0x3b541e]
V  [jvm.dll+0x3b564f]
V  [jvm.dll+0x32c9ea]
V  [jvm.dll+0x32ca97]
V  [jvm.dll+0x374cd2]
V  [jvm.dll+0x37340f]
V  [jvm.dll+0x32c210]
V  [jvm.dll+0x3729ab]
V  [jvm.dll+0x85ebc3]
V  [jvm.dll+0x85f989]
V  [jvm.dll+0x85febd]
V  [jvm.dll+0x86034b]
V  [jvm.dll+0x860407]
V  [jvm.dll+0x80125a]
V  [jvm.dll+0x6ecf0b]
C  [ucrtbase.dll+0x21bb2]
C  [KERNEL32.DLL+0x17614]
C  [ntdll.dll+0x526b1]

VM_Operation (0x0000005c8fdfcbe0): G1CollectForAllocation, mode: safepoint, requested by thread 0x00000207e1704240


---------------  P R O C E S S  ---------------

Threads class SMR info:
_java_thread_list=0x00000207fb60ea80, length=22, elements={
0x00000207e1704240, 0x00000207f542bbf0, 0x00000207f542c9e0, 0x00000207f5437f00,
0x00000207f543ac40, 0x00000207f543cf10, 0x00000207f545d850, 0x00000207f545e460,
0x00000207f54655e0, 0x00000207f5409f40, 0x00000207f98d49f0, 0x00000207f9e12bd0,
0x00000207f9e0fbb0, 0x00000207fa0647f0, 0x00000207fa00cd30, 0x00000207fa0d4830,
0x00000207fb19a1c0, 0x00000207fb19a700, 0x00000207fb19cc50, 0x00000207fb1d6b10,
0x00000207fb20d470, 0x00000207fb308060
}

Java Threads: ( => current thread )
  0x00000207e1704240 JavaThread "main" [_thread_blocked, id=8452, stack(0x0000005c8fd00000,0x0000005c8fe00000)]
  0x00000207f542bbf0 JavaThread "Reference Handler" daemon [_thread_blocked, id=16124, stack(0x0000005c90400000,0x0000005c90500000)]
  0x00000207f542c9e0 JavaThread "Finalizer" daemon [_thread_blocked, id=1560, stack(0x0000005c90500000,0x0000005c90600000)]
  0x00000207f5437f00 JavaThread "Signal Dispatcher" daemon [_thread_blocked, id=3744, stack(0x0000005c90600000,0x0000005c90700000)]
  0x00000207f543ac40 JavaThread "Attach Listener" daemon [_thread_blocked, id=13508, stack(0x0000005c90700000,0x0000005c90800000)]
  0x00000207f543cf10 JavaThread "Service Thread" daemon [_thread_blocked, id=15960, stack(0x0000005c90800000,0x0000005c90900000)]
  0x00000207f545d850 JavaThread "Monitor Deflation Thread" daemon [_thread_blocked, id=15484, stack(0x0000005c90900000,0x0000005c90a00000)]
  0x00000207f545e460 JavaThread "C1 CompilerThread0" daemon [_thread_blocked, id=9780, stack(0x0000005c90a00000,0x0000005c90b00000)]
  0x00000207f54655e0 JavaThread "Sweeper thread" daemon [_thread_blocked, id=16312, stack(0x0000005c90b00000,0x0000005c90c00000)]
  0x00000207f5409f40 JavaThread "Common-Cleaner" daemon [_thread_blocked, id=1544, stack(0x0000005c90c00000,0x0000005c90d00000)]
  0x00000207f98d49f0 JavaThread "C1 CompilerThread1" daemon [_thread_blocked, id=16200, stack(0x0000005c90d00000,0x0000005c90e00000)]
  0x00000207f9e12bd0 JavaThread "Monitor Ctrl-Break" daemon [_thread_in_native, id=16244, stack(0x0000005c90e00000,0x0000005c90f00000)]
  0x00000207f9e0fbb0 JavaThread "Notification Thread" daemon [_thread_blocked, id=15156, stack(0x0000005c90f00000,0x0000005c91000000)]
  0x00000207fa0647f0 JavaThread "RMI TCP Accept-0" daemon [_thread_in_native, id=3948, stack(0x0000005c91300000,0x0000005c91400000)]
  0x00000207fa00cd30 JavaThread "RMI TCP Connection(1)-172.28.112.1" daemon [_thread_in_native, id=15396, stack(0x0000005c91500000,0x0000005c91600000)]
  0x00000207fa0d4830 JavaThread "RMI Scheduler(0)" daemon [_thread_blocked, id=15648, stack(0x0000005c91600000,0x0000005c91700000)]
  0x00000207fb19a1c0 JavaThread "Catalina-utility-1" [_thread_blocked, id=1124, stack(0x0000005c91800000,0x0000005c91900000)]
  0x00000207fb19a700 JavaThread "Catalina-utility-2" [_thread_blocked, id=7888, stack(0x0000005c91900000,0x0000005c91a00000)]
  0x00000207fb19cc50 JavaThread "container-0" [_thread_blocked, id=13256, stack(0x0000005c91a00000,0x0000005c91b00000)]
  0x00000207fb1d6b10 JavaThread "mysql-cj-abandoned-connection-cleanup" daemon [_thread_blocked, id=8368, stack(0x0000005c91c00000,0x0000005c91d00000)]
  0x00000207fb20d470 JavaThread "HikariPool-1 housekeeper" daemon [_thread_blocked, id=15864, stack(0x0000005c91b00000,0x0000005c91c00000)]
  0x00000207fb308060 JavaThread "HikariPool-1 connection adder" daemon [_thread_blocked, id=13344, stack(0x0000005c91d00000,0x0000005c91e00000)]

Other Threads:
=>0x00000207f54189c0 VMThread "VM Thread" [stack: 0x0000005c90300000,0x0000005c90400000] [id=13008]
  0x00000207f9f820d0 WatcherThread "VM Periodic Task Thread" [stack: 0x0000005c91400000,0x0000005c91500000] [id=13760]
  0x00000207e1762760 WorkerThread "GC Thread#0" [stack: 0x0000005c8fe00000,0x0000005c8ff00000] [id=7396]
  0x00000207f9f90d70 WorkerThread "GC Thread#1" [stack: 0x0000005c91000000,0x0000005c91100000] [id=11816]
  0x00000207f9f91040 WorkerThread "GC Thread#2" [stack: 0x0000005c91100000,0x0000005c91200000] [id=13272]
  0x00000207f9fa09b0 WorkerThread "GC Thread#3" [stack: 0x0000005c91200000,0x0000005c91300000] [id=13764]
  0x00000207e17743c0 ConcurrentGCThread "G1 Main Marker" [stack: 0x0000005c8ff00000,0x0000005c90000000] [id=14356]
  0x00000207e17764b0 WorkerThread "G1 Conc#0" [stack: 0x0000005c90000000,0x0000005c90100000] [id=16088]
  0x00000207e17be7f0 ConcurrentGCThread "G1 Refine#0" [stack: 0x0000005c90100000,0x0000005c90200000] [id=3148]
  0x00000207f52ba8f0 ConcurrentGCThread "G1 Service" [stack: 0x0000005c90200000,0x0000005c90300000] [id=15440]

Threads with active compile tasks:
C1 CompilerThread0    10878 4518       1       java.util.Collections$UnmodifiableMap$UnmodifiableEntrySet$UnmodifiableEntry::<init> (16 bytes)
C1 CompilerThread1    10878 4515       1       java.util.ServiceLoader$ModuleServicesLookupIterator::iteratorFor (191 bytes)

VM state: at safepoint (normal execution)

VM Mutex/Monitor currently owned by a thread:  ([mutex/lock_event])
[0x00000207e16fea60] Threads_lock - owner thread: 0x00000207f54189c0
[0x00000207e1700680] Heap_lock - owner thread: 0x00000207e1704240

Heap address: 0x0000000081e00000, size: 2018 MB, Compressed Oops mode: 32-bit

CDS archive(s) mapped at: [0x0000000800000000-0x0000000800c40000-0x0000000800c40000), size 12845056, SharedBaseAddress: 0x0000000800000000, ArchiveRelocationMode: 0.
Compressed class space mapped at: 0x0000000801000000-0x0000000841000000, reserved size: 1073741824
Narrow klass base: 0x0000000800000000, Narrow klass shift: 0, Narrow klass range: 0x100000000

GC Precious Log:
 CardTable entry size: 512
 Card Set container configuration: InlinePtr #cards 5 size 8 Array Of Cards #cards 12 size 40 Howl #buckets 4 coarsen threshold 1843 Howl Bitmap #cards 512 size 80 coarsen threshold 460 Card regions per heap region 1 cards per card region 2048
 CPUs: 4 total, 4 available
 Memory: 8071M
 Large Page Support: Disabled
 NUMA Support: Disabled
 Compressed Oops: Enabled (32-bit)
 Heap Region Size: 1M
 Heap Min Capacity: 8M
 Heap Initial Capacity: 128M
 Heap Max Capacity: 2018M
 Pre-touch: Disabled
 Parallel Workers: 4
 Concurrent Workers: 1
 Concurrent Refinement Workers: 4
 Periodic GC: Disabled

Heap:
 garbage-first heap   total 55296K, used 25038K [0x0000000081e00000, 0x0000000100000000)
  region size 1024K, 2 young (2048K), 2 survivors (2048K)
 Metaspace       used 45995K, committed 46592K, reserved 1114112K
  class space    used 6260K, committed 6528K, reserved 1048576K

Heap Regions: E=young(eden), S=young(survivor), O=old, HS=humongous(starts), HC=humongous(continues), CS=collection set, F=free, OA=open archive, CA=closed archive, TAMS=top-at-mark-start (previous, next)
|   0|0x0000000081e00000, 0x0000000081f00000, 0x0000000081f00000|100%|HS|  |TAMS 0x0000000081f00000, 0x0000000081e00000| Complete 
|   1|0x0000000081f00000, 0x0000000082000000, 0x0000000082000000|100%|HS|  |TAMS 0x0000000082000000, 0x0000000081f00000| Complete 
|   2|0x0000000082000000, 0x0000000082100000, 0x0000000082100000|100%| O|  |TAMS 0x0000000082100000, 0x0000000082000000| Untracked 
|   3|0x0000000082100000, 0x0000000082200000, 0x0000000082200000|100%| O|  |TAMS 0x0000000082200000, 0x0000000082100000| Untracked 
|   4|0x0000000082200000, 0x0000000082300000, 0x0000000082300000|100%| O|  |TAMS 0x0000000082300000, 0x0000000082200000| Untracked 
|   5|0x0000000082300000, 0x0000000082400000, 0x0000000082400000|100%| O|  |TAMS 0x0000000082400000, 0x0000000082300000| Untracked 
|   6|0x0000000082400000, 0x0000000082500000, 0x0000000082500000|100%| O|  |TAMS 0x0000000082500000, 0x0000000082400000| Untracked 
|   7|0x0000000082500000, 0x0000000082600000, 0x0000000082600000|100%| O|  |TAMS 0x0000000082600000, 0x0000000082500000| Untracked 
|   8|0x0000000082600000, 0x0000000082700000, 0x0000000082700000|100%| O|  |TAMS 0x0000000082700000, 0x0000000082600000| Untracked 
|   9|0x0000000082700000, 0x0000000082800000, 0x0000000082800000|100%| O|  |TAMS 0x0000000082800000, 0x0000000082700000| Untracked 
|  10|0x0000000082800000, 0x0000000082900000, 0x0000000082900000|100%| O|  |TAMS 0x0000000082900000, 0x0000000082800000| Untracked 
|  11|0x0000000082900000, 0x0000000082a00000, 0x0000000082a00000|100%| O|  |TAMS 0x0000000082a00000, 0x0000000082900000| Untracked 
|  12|0x0000000082a00000, 0x0000000082b00000, 0x0000000082b00000|100%| O|  |TAMS 0x0000000082b00000, 0x0000000082a00000| Untracked 
|  13|0x0000000082b00000, 0x0000000082c00000, 0x0000000082c00000|100%| O|  |TAMS 0x0000000082c00000, 0x0000000082b00000| Untracked 
|  14|0x0000000082c00000, 0x0000000082d00000, 0x0000000082d00000|100%| O|  |TAMS 0x0000000082d00000, 0x0000000082c00000| Untracked 
|  15|0x0000000082d00000, 0x0000000082e00000, 0x0000000082e00000|100%| O|  |TAMS 0x0000000082e00000, 0x0000000082d00000| Untracked 
|  16|0x0000000082e00000, 0x0000000082e00000, 0x0000000082f00000|  0%| F|  |TAMS 0x0000000082e00000, 0x0000000082e00000| Untracked 
|  17|0x0000000082f00000, 0x0000000083000000, 0x0000000083000000|100%| O|  |TAMS 0x0000000082f00000, 0x0000000082f00000| Untracked 
|  18|0x0000000083000000, 0x0000000083100000, 0x0000000083100000|100%| O|  |TAMS 0x0000000083100000, 0x0000000083000000| Untracked 
|  19|0x0000000083100000, 0x0000000083200000, 0x0000000083200000|100%| O|  |TAMS 0x0000000083200000, 0x0000000083100000| Untracked 
|  20|0x0000000083200000, 0x0000000083300000, 0x0000000083300000|100%| O|  |TAMS 0x0000000083238000, 0x0000000083200000| Untracked 
|  21|0x0000000083300000, 0x0000000083400000, 0x0000000083400000|100%| O|  |TAMS 0x0000000083300000, 0x0000000083300000| Untracked 
|  22|0x0000000083400000, 0x0000000083500000, 0x0000000083500000|100%| O|  |TAMS 0x0000000083400000, 0x0000000083400000| Untracked 
|  23|0x0000000083500000, 0x00000000835a3200, 0x0000000083600000| 63%| O|  |TAMS 0x0000000083500000, 0x0000000083500000| Untracked 
|  24|0x0000000083600000, 0x0000000083600000, 0x0000000083700000|  0%| F|  |TAMS 0x0000000083600000, 0x0000000083600000| Untracked 
|  25|0x0000000083700000, 0x0000000083700000, 0x0000000083800000|  0%| F|  |TAMS 0x0000000083700000, 0x0000000083700000| Untracked 
|  26|0x0000000083800000, 0x0000000083800000, 0x0000000083900000|  0%| F|  |TAMS 0x0000000083800000, 0x0000000083800000| Untracked 
|  27|0x0000000083900000, 0x0000000083900000, 0x0000000083a00000|  0%| F|  |TAMS 0x0000000083900000, 0x0000000083900000| Untracked 
|  28|0x0000000083a00000, 0x0000000083a00000, 0x0000000083b00000|  0%| F|  |TAMS 0x0000000083a00000, 0x0000000083a00000| Untracked 
|  29|0x0000000083b00000, 0x0000000083b00000, 0x0000000083c00000|  0%| F|  |TAMS 0x0000000083b00000, 0x0000000083b00000| Untracked 
|  30|0x0000000083c00000, 0x0000000083c00000, 0x0000000083d00000|  0%| F|  |TAMS 0x0000000083c00000, 0x0000000083c00000| Untracked 
|  31|0x0000000083d00000, 0x0000000083d00000, 0x0000000083e00000|  0%| F|  |TAMS 0x0000000083d00000, 0x0000000083d00000| Untracked 
|  32|0x0000000083e00000, 0x0000000083e00000, 0x0000000083f00000|  0%| F|  |TAMS 0x0000000083e00000, 0x0000000083e00000| Untracked 
|  33|0x0000000083f00000, 0x0000000083fd0790, 0x0000000084000000| 81%| S|CS|TAMS 0x0000000083f00000, 0x0000000083f00000| Complete 
|  34|0x0000000084000000, 0x0000000084100000, 0x0000000084100000|100%| S|CS|TAMS 0x0000000084000000, 0x0000000084000000| Complete 
|  35|0x0000000084100000, 0x0000000084100000, 0x0000000084200000|  0%| F|  |TAMS 0x0000000084100000, 0x0000000084100000| Untracked 
|  36|0x0000000084200000, 0x0000000084200000, 0x0000000084300000|  0%| F|  |TAMS 0x0000000084200000, 0x0000000084200000| Untracked 
|  37|0x0000000084300000, 0x0000000084300000, 0x0000000084400000|  0%| F|  |TAMS 0x0000000084300000, 0x0000000084300000| Untracked 
|  38|0x0000000084400000, 0x0000000084400000, 0x0000000084500000|  0%| F|  |TAMS 0x0000000084400000, 0x0000000084400000| Untracked 
|  39|0x0000000084500000, 0x0000000084500000, 0x0000000084600000|  0%| F|  |TAMS 0x0000000084500000, 0x0000000084500000| Untracked 
|  40|0x0000000084600000, 0x0000000084600000, 0x0000000084700000|  0%| F|  |TAMS 0x0000000084600000, 0x0000000084600000| Untracked 
|  41|0x0000000084700000, 0x0000000084700000, 0x0000000084800000|  0%| F|  |TAMS 0x0000000084700000, 0x0000000084700000| Untracked 
|  42|0x0000000084800000, 0x0000000084800000, 0x0000000084900000|  0%| F|  |TAMS 0x0000000084800000, 0x0000000084800000| Untracked 
|  43|0x0000000084900000, 0x0000000084900000, 0x0000000084a00000|  0%| F|  |TAMS 0x0000000084900000, 0x0000000084900000| Untracked 
|  44|0x0000000084a00000, 0x0000000084a00000, 0x0000000084b00000|  0%| F|  |TAMS 0x0000000084a00000, 0x0000000084a00000| Untracked 
|  45|0x0000000084b00000, 0x0000000084b00000, 0x0000000084c00000|  0%| F|  |TAMS 0x0000000084b00000, 0x0000000084b00000| Untracked 
|  46|0x0000000084c00000, 0x0000000084c00000, 0x0000000084d00000|  0%| F|  |TAMS 0x0000000084c00000, 0x0000000084c00000| Untracked 
|  84|0x0000000087200000, 0x0000000087200000, 0x0000000087300000|  0%| F|  |TAMS 0x0000000087200000, 0x0000000087200000| Untracked 
|  85|0x0000000087300000, 0x0000000087300000, 0x0000000087400000|  0%| F|  |TAMS 0x0000000087300000, 0x0000000087300000| Untracked 
|  86|0x0000000087400000, 0x0000000087400000, 0x0000000087500000|  0%| F|  |TAMS 0x0000000087400000, 0x0000000087400000| Untracked 
|  87|0x0000000087500000, 0x0000000087500000, 0x0000000087600000|  0%| F|  |TAMS 0x0000000087500000, 0x0000000087500000| Untracked 
|  88|0x0000000087600000, 0x0000000087600000, 0x0000000087700000|  0%| F|  |TAMS 0x0000000087600000, 0x0000000087600000| Untracked 
|  89|0x0000000087700000, 0x0000000087700000, 0x0000000087800000|  0%| F|  |TAMS 0x0000000087700000, 0x0000000087700000| Untracked 
| 127|0x0000000089d00000, 0x0000000089d00000, 0x0000000089e00000|  0%| F|  |TAMS 0x0000000089d00000, 0x0000000089d00000| Untracked 

Card table byte_map: [0x00000207ee6d0000,0x00000207eead0000] _byte_map_base: 0x00000207ee2c1000

Marking Bits (Prev, Next): (CMBitMap*) 0x00000207e1763cb0, (CMBitMap*) 0x00000207e1763cf0
 Prev Bits: [0x00000207eeed0000, 0x00000207f0e58000)
 Next Bits: [0x00000207f0e60000, 0x00000207f2de8000)

Polling page: 0x00000207eae10000

Metaspace:

Usage:
  Non-class:     38.80 MB used.
      Class:      6.11 MB used.
       Both:     44.92 MB used.

Virtual space:
  Non-class space:       64.00 MB reserved,      39.12 MB ( 61%) committed,  1 nodes.
      Class space:        1.00 GB reserved,       6.38 MB ( <1%) committed,  1 nodes.
             Both:        1.06 GB reserved,      45.50 MB (  4%) committed. 

Chunk freelists:
   Non-Class:  720.00 KB
       Class:  1.45 MB
        Both:  2.16 MB

MaxMetaspaceSize: unlimited
CompressedClassSpaceSize: 1.00 GB
Initial GC threshold: 21.00 MB
Current GC threshold: 59.06 MB
CDS: on
MetaspaceReclaimPolicy: balanced
 - commit_granule_bytes: 65536.
 - commit_granule_words: 8192.
 - virtual_space_node_default_size: 8388608.
 - enlarge_chunks_in_place: 1.
 - new_chunks_are_fully_committed: 0.
 - uncommit_free_chunks: 1.
 - use_allocation_guard: 0.


Internal statistics:

num_allocs_failed_limit: 6.
num_arena_births: 838.
num_arena_deaths: 0.
num_vsnodes_births: 2.
num_vsnodes_deaths: 0.
num_space_committed: 728.
num_space_uncommitted: 0.
num_chunks_returned_to_freelist: 6.
num_chunks_taken_from_freelist: 2364.
num_chunk_merges: 6.
num_chunk_splits: 1746.
num_chunks_enlarged: 1397.
num_inconsistent_stats: 0.

CodeCache: size=49152Kb used=8870Kb max_used=8870Kb free=40281Kb
 bounds [0x00000207eae30000, 0x00000207eb6e0000, 0x00000207ede30000]
 total_blobs=5119 nmethods=4516 adapters=527
 compilation: enabled
              stopped_count=0, restarted_count=0
 full_count=0

Compilation events (20 events):
Event: 10.723 Thread 0x00000207f98d49f0 nmethod 4507 0x00000207eb6d6d10 code [0x00000207eb6d6ea0, 0x00000207eb6d6f98]
Event: 10.723 Thread 0x00000207f98d49f0 4510       1       java.lang.invoke.DirectMethodHandle::afIndex (20 bytes)
Event: 10.723 Thread 0x00000207f545e460 nmethod 4508 0x00000207eb6d7090 code [0x00000207eb6d7220, 0x00000207eb6d7318]
Event: 10.723 Thread 0x00000207f545e460 4511       1       java.lang.invoke.DirectMethodHandle::preparedFieldLambdaForm (48 bytes)
Event: 10.723 Thread 0x00000207f98d49f0 nmethod 4510 0x00000207eb6d7410 code [0x00000207eb6d75a0, 0x00000207eb6d7678]
Event: 10.723 Thread 0x00000207f98d49f0 4512       1       java.lang.invoke.DirectMethodHandle::ftypeKind (38 bytes)
Event: 10.723 Thread 0x00000207f98d49f0 nmethod 4512 0x00000207eb6d7710 code [0x00000207eb6d78e0, 0x00000207eb6d7a88]
Event: 10.724 Thread 0x00000207f98d49f0 4509       1       java.lang.invoke.DirectMethodHandle::make (21 bytes)
Event: 10.724 Thread 0x00000207f545e460 nmethod 4511 0x00000207eb6d7b90 code [0x00000207eb6d7d60, 0x00000207eb6d7fb8]
Event: 10.724 Thread 0x00000207f98d49f0 nmethod 4509 0x00000207eb6d8110 code [0x00000207eb6d82c0, 0x00000207eb6d83a8]
Event: 10.779 Thread 0x00000207f98d49f0 4513       1       org.hibernate.event.spi.EventType::ordinal (5 bytes)
Event: 10.779 Thread 0x00000207f98d49f0 nmethod 4513 0x00000207eb6d8a90 code [0x00000207eb6d8c20, 0x00000207eb6d8cd8]
Event: 10.786 Thread 0x00000207f98d49f0 4514       1       org.hibernate.event.service.internal.EventListenerRegistryImpl$Builder$$Lambda$1019/0x0000000801678000::apply (11 bytes)
Event: 10.786 Thread 0x00000207f98d49f0 nmethod 4514 0x00000207eb6d8d90 code [0x00000207eb6d8f40, 0x00000207eb6d90f8]
Event: 10.792 Thread 0x00000207f98d49f0 4515       1       java.util.ServiceLoader$ModuleServicesLookupIterator::iteratorFor (191 bytes)
Event: 10.793 Thread 0x00000207f545e460 4516       1       org.hibernate.event.service.internal.EventListenerRegistryImpl$Builder$$Lambda$1023/0x00000008016888e8::apply (11 bytes)
Event: 10.793 Thread 0x00000207f545e460 nmethod 4516 0x00000207eb6d9210 code [0x00000207eb6d93c0, 0x00000207eb6d9578]
Event: 10.793 Thread 0x00000207f545e460 4517       1       java.util.Collections$UnmodifiableMap$UnmodifiableEntrySet$1::hasNext (10 bytes)
Event: 10.793 Thread 0x00000207f545e460 nmethod 4517 0x00000207eb6d9690 code [0x00000207eb6d9840, 0x00000207eb6d9928]
Event: 10.793 Thread 0x00000207f545e460 4518       1       java.util.Collections$UnmodifiableMap$UnmodifiableEntrySet$UnmodifiableEntry::<init> (16 bytes)

GC Heap History (20 events):
Event: 4.097 GC heap after
{Heap after GC invocations=3 (full 0):
 garbage-first heap   total 131072K, used 12570K [0x0000000081e00000, 0x0000000100000000)
  region size 1024K, 4 young (4096K), 4 survivors (4096K)
 Metaspace       used 14068K, committed 14400K, reserved 1114112K
  class space    used 1762K, committed 1920K, reserved 1048576K
}
Event: 5.414 GC heap before
{Heap before GC invocations=3 (full 0):
 garbage-first heap   total 131072K, used 46362K [0x0000000081e00000, 0x0000000100000000)
  region size 1024K, 38 young (38912K), 4 survivors (4096K)
 Metaspace       used 21104K, committed 21504K, reserved 1114112K
  class space    used 2736K, committed 2944K, reserved 1048576K
}
Event: 5.428 GC heap after
{Heap after GC invocations=4 (full 0):
 garbage-first heap   total 131072K, used 14492K [0x0000000081e00000, 0x0000000100000000)
  region size 1024K, 6 young (6144K), 6 survivors (6144K)
 Metaspace       used 21104K, committed 21504K, reserved 1114112K
  class space    used 2736K, committed 2944K, reserved 1048576K
}
Event: 6.271 GC heap before
{Heap before GC invocations=5 (full 0):
 garbage-first heap   total 55296K, used 41116K [0x0000000081e00000, 0x0000000100000000)
  region size 1024K, 32 young (32768K), 6 survivors (6144K)
 Metaspace       used 23259K, committed 23680K, reserved 1114112K
  class space    used 3014K, committed 3200K, reserved 1048576K
}
Event: 6.291 GC heap after
{Heap after GC invocations=6 (full 0):
 garbage-first heap   total 55296K, used 16397K [0x0000000081e00000, 0x0000000100000000)
  region size 1024K, 4 young (4096K), 4 survivors (4096K)
 Metaspace       used 23259K, committed 23680K, reserved 1114112K
  class space    used 3014K, committed 3200K, reserved 1048576K
}
Event: 6.315 GC heap before
{Heap before GC invocations=6 (full 0):
 garbage-first heap   total 55296K, used 17421K [0x0000000081e00000, 0x0000000100000000)
  region size 1024K, 5 young (5120K), 4 survivors (4096K)
 Metaspace       used 23316K, committed 23744K, reserved 1114112K
  class space    used 3025K, committed 3200K, reserved 1048576K
}
Event: 6.325 GC heap after
{Heap after GC invocations=7 (full 0):
 garbage-first heap   total 55296K, used 17003K [0x0000000081e00000, 0x0000000100000000)
  region size 1024K, 1 young (1024K), 1 survivors (1024K)
 Metaspace       used 23316K, committed 23744K, reserved 1114112K
  class space    used 3025K, committed 3200K, reserved 1048576K
}
Event: 7.234 GC heap before
{Heap before GC invocations=7 (full 0):
 garbage-first heap   total 55296K, used 37483K [0x0000000081e00000, 0x0000000100000000)
  region size 1024K, 22 young (22528K), 1 survivors (1024K)
 Metaspace       used 26682K, committed 27136K, reserved 1114112K
  class space    used 3597K, committed 3776K, reserved 1048576K
}
Event: 7.239 GC heap after
{Heap after GC invocations=8 (full 0):
 garbage-first heap   total 55296K, used 17634K [0x0000000081e00000, 0x0000000100000000)
  region size 1024K, 2 young (2048K), 2 survivors (2048K)
 Metaspace       used 26682K, committed 27136K, reserved 1114112K
  class space    used 3597K, committed 3776K, reserved 1048576K
}
Event: 7.986 GC heap before
{Heap before GC invocations=8 (full 0):
 garbage-first heap   total 55296K, used 39138K [0x0000000081e00000, 0x0000000100000000)
  region size 1024K, 23 young (23552K), 2 survivors (2048K)
 Metaspace       used 29936K, committed 30528K, reserved 1114112K
  class space    used 4132K, committed 4416K, reserved 1048576K
}
Event: 7.998 GC heap after
{Heap after GC invocations=9 (full 0):
 garbage-first heap   total 55296K, used 19718K [0x0000000081e00000, 0x0000000100000000)
  region size 1024K, 3 young (3072K), 3 survivors (3072K)
 Metaspace       used 29936K, committed 30528K, reserved 1114112K
  class space    used 4132K, committed 4416K, reserved 1048576K
}
Event: 8.661 GC heap before
{Heap before GC invocations=9 (full 0):
 garbage-first heap   total 55296K, used 41222K [0x0000000081e00000, 0x0000000100000000)
  region size 1024K, 23 young (23552K), 3 survivors (3072K)
 Metaspace       used 32966K, committed 33536K, reserved 1114112K
  class space    used 4492K, committed 4800K, reserved 1048576K
}
Event: 8.667 GC heap after
{Heap after GC invocations=10 (full 0):
 garbage-first heap   total 55296K, used 21728K [0x0000000081e00000, 0x0000000100000000)
  region size 1024K, 2 young (2048K), 2 survivors (2048K)
 Metaspace       used 32966K, committed 33536K, reserved 1114112K
  class space    used 4492K, committed 4800K, reserved 1048576K
}
Event: 9.106 GC heap before
{Heap before GC invocations=10 (full 0):
 garbage-first heap   total 55296K, used 30944K [0x0000000081e00000, 0x0000000100000000)
  region size 1024K, 12 young (12288K), 2 survivors (2048K)
 Metaspace       used 35398K, committed 35968K, reserved 1114112K
  class space    used 4818K, committed 5120K, reserved 1048576K
}
Event: 9.111 GC heap after
{Heap after GC invocations=11 (full 0):
 garbage-first heap   total 55296K, used 22508K [0x0000000081e00000, 0x0000000100000000)
  region size 1024K, 1 young (1024K), 1 survivors (1024K)
 Metaspace       used 35398K, committed 35968K, reserved 1114112K
  class space    used 4818K, committed 5120K, reserved 1048576K
}
Event: 9.957 GC heap before
{Heap before GC invocations=12 (full 0):
 garbage-first heap   total 55296K, used 41964K [0x0000000081e00000, 0x0000000100000000)
  region size 1024K, 20 young (20480K), 1 survivors (1024K)
 Metaspace       used 40765K, committed 41408K, reserved 1114112K
  class space    used 5575K, committed 5888K, reserved 1048576K
}
Event: 9.961 GC heap after
{Heap after GC invocations=13 (full 0):
 garbage-first heap   total 55296K, used 23580K [0x0000000081e00000, 0x0000000100000000)
  region size 1024K, 2 young (2048K), 2 survivors (2048K)
 Metaspace       used 40765K, committed 41408K, reserved 1114112K
  class space    used 5575K, committed 5888K, reserved 1048576K
}
Event: 10.004 GC heap before
{Heap before GC invocations=13 (full 0):
 garbage-first heap   total 55296K, used 24604K [0x0000000081e00000, 0x0000000100000000)
  region size 1024K, 3 young (3072K), 2 survivors (2048K)
 Metaspace       used 41086K, committed 41664K, reserved 1114112K
  class space    used 5607K, committed 5888K, reserved 1048576K
}
Event: 10.009 GC heap after
{Heap after GC invocations=14 (full 0):
 garbage-first heap   total 55296K, used 23496K [0x0000000081e00000, 0x0000000100000000)
  region size 1024K, 1 young (1024K), 1 survivors (1024K)
 Metaspace       used 41086K, committed 41664K, reserved 1114112K
  class space    used 5607K, committed 5888K, reserved 1048576K
}
Event: 10.794 GC heap before
{Heap before GC invocations=14 (full 0):
 garbage-first heap   total 55296K, used 40904K [0x0000000081e00000, 0x0000000100000000)
  region size 1024K, 19 young (19456K), 1 survivors (1024K)
 Metaspace       used 45995K, committed 46592K, reserved 1114112K
  class space    used 6260K, committed 6528K, reserved 1048576K
}

Dll operation events (14 events):
Event: 0.022 Loaded shared library C:\Program Files\Java\jdk-19\bin\java.dll
Event: 0.039 Loaded shared library C:\Program Files\Java\jdk-19\bin\jsvml.dll
Event: 0.264 Loaded shared library C:\Program Files\Java\jdk-19\bin\zip.dll
Event: 0.268 Loaded shared library C:\Program Files\Java\jdk-19\bin\instrument.dll
Event: 0.278 Loaded shared library C:\Program Files\Java\jdk-19\bin\net.dll
Event: 0.282 Loaded shared library C:\Program Files\Java\jdk-19\bin\nio.dll
Event: 0.287 Loaded shared library C:\Program Files\Java\jdk-19\bin\zip.dll
Event: 0.642 Loaded shared library C:\Program Files\JetBrains\IntelliJ IDEA 2022.3.1\bin\breakgen64.dll
Event: 0.657 Loaded shared library C:\Program Files\Java\jdk-19\bin\jimage.dll
Event: 0.671 Loaded shared library C:\Program Files\Java\jdk-19\bin\extnet.dll
Event: 0.709 Loaded shared library C:\Program Files\Java\jdk-19\bin\management.dll
Event: 0.740 Loaded shared library C:\Program Files\Java\jdk-19\bin\management_ext.dll
Event: 8.391 Loaded shared library C:\Program Files\Java\jdk-19\bin\sunmscapi.dll
Event: 9.381 Loaded shared library C:\Program Files\Java\jdk-19\bin\verify.dll

Deoptimization events (10 events):
Event: 1.063 Thread 0x00000207e1704240 DEOPT PACKING pc=0x00000207eb0ea8d5 sp=0x0000005c8fdfd2c0
Event: 1.063 Thread 0x00000207e1704240 DEOPT UNPACKING pc=0x00000207eae97543 sp=0x0000005c8fdfc770 mode 3
Event: 1.093 Thread 0x00000207e1704240 DEOPT PACKING pc=0x00000207eb103950 sp=0x0000005c8fdfd290
Event: 1.094 Thread 0x00000207e1704240 DEOPT UNPACKING pc=0x00000207eae97543 sp=0x0000005c8fdfc748 mode 3
Event: 4.550 Thread 0x00000207e1704240 DEOPT PACKING pc=0x00000207eb18b49c sp=0x0000005c8fdfe1e0
Event: 4.550 Thread 0x00000207e1704240 DEOPT UNPACKING pc=0x00000207eae97543 sp=0x0000005c8fdfd6a8 mode 0
Event: 5.137 Thread 0x00000207e1704240 DEOPT PACKING pc=0x00000207eb3abb39 sp=0x0000005c8fdfd5d0
Event: 5.137 Thread 0x00000207e1704240 DEOPT UNPACKING pc=0x00000207eae97543 sp=0x0000005c8fdfcab0 mode 3
Event: 7.781 Thread 0x00000207e1704240 DEOPT PACKING pc=0x00000207eb3fe51d sp=0x0000005c8fdfc9d0
Event: 7.781 Thread 0x00000207e1704240 DEOPT UNPACKING pc=0x00000207eae97543 sp=0x0000005c8fdfbf38 mode 3

Classes loaded (20 events):
Event: 10.229 Loading class java/lang/StringIndexOutOfBoundsException
Event: 10.230 Loading class java/lang/StringIndexOutOfBoundsException done
Event: 10.550 Loading class java/util/regex/Pattern$SliceS
Event: 10.550 Loading class java/util/regex/Pattern$SliceS done
Event: 10.555 Loading class jdk/internal/ValueBased
Event: 10.555 Loading class jdk/internal/ValueBased done
Event: 10.606 Loading class java/util/stream/ReduceOps$1
Event: 10.606 Loading class java/util/stream/ReduceOps$1 done
Event: 10.606 Loading class java/util/stream/ReduceOps$1ReducingSink
Event: 10.606 Loading class java/util/stream/ReduceOps$1ReducingSink done
Event: 10.687 Loading class javax/naming/RefAddr
Event: 10.688 Loading class javax/naming/RefAddr done
Event: 10.688 Loading class javax/naming/StringRefAddr
Event: 10.688 Loading class javax/naming/StringRefAddr done
Event: 10.729 Loading class java/util/concurrent/CompletableFuture$AltResult
Event: 10.729 Loading class java/util/concurrent/CompletableFuture$AltResult done
Event: 10.730 Loading class java/util/concurrent/CompletableFuture$Completion
Event: 10.730 Loading class java/util/concurrent/CompletableFuture$AsynchronousCompletionTask
Event: 10.730 Loading class java/util/concurrent/CompletableFuture$AsynchronousCompletionTask done
Event: 10.730 Loading class java/util/concurrent/CompletableFuture$Completion done

Classes unloaded (0 events):
No events

Classes redefined (0 events):
No events

Internal exceptions (20 events):
Event: 7.602 Thread 0x00000207e1704240 Exception <a 'java/lang/NoSuchMethodError'{0x000000008499e998}: 'java.lang.Object java.lang.invoke.DirectMethodHandle$Holder.invokeStatic(java.lang.Object, java.lang.Object, java.lang.Object, java.lang.Object, int)'> (0x000000008499e998) 
thrown [s\open\src\hotspot\share\interpreter\linkResolver.cpp, line 774]
Event: 7.603 Thread 0x00000207e1704240 Exception <a 'java/lang/NoSuchMethodError'{0x00000000849a6298}: 'void java.lang.invoke.DelegatingMethodHandle$Holder.reinvoke_L(java.lang.Object, java.lang.Object, int)'> (0x00000000849a6298) 
thrown [s\open\src\hotspot\share\interpreter\linkResolver.cpp, line 774]
Event: 7.728 Thread 0x00000207e1704240 Exception <a 'java/lang/NoSuchMethodError'{0x00000000846d17b8}: 'java.lang.Object java.lang.invoke.DirectMethodHandle$Holder.invokeSpecialIFC(java.lang.Object, java.lang.Object, java.lang.Object)'> (0x00000000846d17b8) 
thrown [s\open\src\hotspot\share\interpreter\linkResolver.cpp, line 774]
Event: 7.747 Thread 0x00000207e1704240 Exception <a 'java/lang/NoSuchMethodError'{0x0000000084527908}: 'java.lang.Object java.lang.invoke.DirectMethodHandle$Holder.invokeVirtual(java.lang.Object, java.lang.Object, java.lang.Object, java.lang.Object, java.lang.Object)'> (0x0000000084527908) 
thrown [s\open\src\hotspot\share\interpreter\linkResolver.cpp, line 774]
Event: 7.886 Thread 0x00000207e1704240 Exception <a 'java/lang/NoSuchMethodError'{0x0000000084278120}: 'java.lang.Object java.lang.invoke.DirectMethodHandle$Holder.invokeVirtual(java.lang.Object, java.lang.Object, java.lang.Object, java.lang.Object, java.lang.Object, java.lang.Object)'> (0x0000000084278120) 
thrown [s\open\src\hotspot\share\interpreter\linkResolver.cpp, line 774]
Event: 7.923 Thread 0x00000207e1704240 Exception <a 'java/lang/NoSuchMethodError'{0x000000008417c9a0}: 'void java.lang.invoke.DirectMethodHandle$Holder.invokeInterface(java.lang.Object, java.lang.Object, int)'> (0x000000008417c9a0) 
thrown [s\open\src\hotspot\share\interpreter\linkResolver.cpp, line 774]
Event: 7.930 Thread 0x00000207e1704240 Exception <a 'java/lang/IncompatibleClassChangeError'{0x00000000841cbec0}: Found class java.lang.Object, but interface was expected> (0x00000000841cbec0) 
thrown [s\open\src\hotspot\share\interpreter\linkResolver.cpp, line 841]
Event: 7.932 Thread 0x00000207e1704240 Exception <a 'java/lang/NoSuchMethodError'{0x00000000841e4978}: 'void java.lang.invoke.DirectMethodHandle$Holder.invokeStatic(java.lang.Object, int, java.lang.Object)'> (0x00000000841e4978) 
thrown [s\open\src\hotspot\share\interpreter\linkResolver.cpp, line 774]
Event: 7.939 Thread 0x00000207e1704240 Exception <a 'java/lang/NoSuchMethodError'{0x0000000084022ac8}: 'void java.lang.invoke.DirectMethodHandle$Holder.invokeStatic(java.lang.Object, java.lang.Object, java.lang.Object, int, java.lang.Object)'> (0x0000000084022ac8) 
thrown [s\open\src\hotspot\share\interpreter\linkResolver.cpp, line 774]
Event: 7.939 Thread 0x00000207e1704240 Exception <a 'java/lang/NoSuchMethodError'{0x0000000084029ec8}: 'java.lang.Object java.lang.invoke.DirectMethodHandle$Holder.newInvokeSpecial(java.lang.Object, java.lang.Object, java.lang.Object, int)'> (0x0000000084029ec8) 
thrown [s\open\src\hotspot\share\interpreter\linkResolver.cpp, line 774]
Event: 7.940 Thread 0x00000207e1704240 Exception <a 'java/lang/NoSuchMethodError'{0x000000008402df58}: 'java.lang.Object java.lang.invoke.DirectMethodHandle$Holder.invokeSpecial(java.lang.Object, java.lang.Object, java.lang.Object, java.lang.Object, int)'> (0x000000008402df58) 
thrown [s\open\src\hotspot\share\interpreter\linkResolver.cpp, line 774]
Event: 7.940 Thread 0x00000207e1704240 Exception <a 'java/lang/NoSuchMethodError'{0x0000000084031670}: 'java.lang.Object java.lang.invoke.Invokers$Holder.linkToTargetMethod(java.lang.Object, java.lang.Object, int, java.lang.Object)'> (0x0000000084031670) 
thrown [s\open\src\hotspot\share\interpreter\linkResolver.cpp, line 774]
Event: 8.179 Thread 0x00000207e1704240 Exception <a 'java/lang/NoSuchMethodError'{0x000000008732a358}: 'int java.lang.invoke.DirectMethodHandle$Holder.invokeVirtual(java.lang.Object, java.lang.Object, java.lang.Object, java.lang.Object)'> (0x000000008732a358) 
thrown [s\open\src\hotspot\share\interpreter\linkResolver.cpp, line 774]
Event: 8.180 Thread 0x00000207e1704240 Exception <a 'java/lang/NoSuchMethodError'{0x000000008732e068}: 'int java.lang.invoke.DelegatingMethodHandle$Holder.reinvoke_L(java.lang.Object, java.lang.Object, java.lang.Object, java.lang.Object)'> (0x000000008732e068) 
thrown [s\open\src\hotspot\share\interpreter\linkResolver.cpp, line 774]
Event: 8.420 Thread 0x00000207e1704240 Exception <a 'java/io/FileNotFoundException'{0x000000008499ef80}> (0x000000008499ef80) 
thrown [s\open\src\hotspot\share\prims\jni.cpp, line 517]
Event: 8.494 Thread 0x00000207e1704240 Exception <a 'java/lang/NoSuchMethodError'{0x00000000846e5ec8}: 'int java.lang.invoke.DirectMethodHandle$Holder.invokeInterface(java.lang.Object, java.lang.Object, java.lang.Object, java.lang.Object)'> (0x00000000846e5ec8) 
thrown [s\open\src\hotspot\share\interpreter\linkResolver.cpp, line 774]
Event: 8.571 Thread 0x00000207e1704240 Exception <a 'java/lang/NoSuchMethodError'{0x00000000844f5b28}: 'long java.lang.invoke.DirectMethodHandle$Holder.invokeVirtual(java.lang.Object, java.lang.Object)'> (0x00000000844f5b28) 
thrown [s\open\src\hotspot\share\interpreter\linkResolver.cpp, line 774]
Event: 8.697 Thread 0x00000207e1704240 Exception <a 'java/lang/NoSuchMethodError'{0x000000008771b110}: 'java.lang.Object java.lang.invoke.DirectMethodHandle$Holder.newInvokeSpecial(java.lang.Object, java.lang.Object, java.lang.Object, java.lang.Object, java.lang.Object, java.lang.Object, java.lang.Object, java.lang.Object, java.lang.Object, java.lang.Object, java.lang.Object)'> (0x000000008771b110) 
thrown [s\open\src\hotspot\share\interpreter\linkResolver.cpp, line 774]
Event: 8.832 Thread 0x00000207e1704240 Exception <a 'java/lang/NoSuchMethodError'{0x0000000087424248}: 'void java.lang.invoke.DelegatingMethodHandle$Holder.reinvoke_L(java.lang.Object, java.lang.Object, java.lang.Object, java.lang.Object, int, java.lang.Object, java.lang.Object, java.lang.Object)'> (0x0000000087424248) 
thrown [s\open\src\hotspot\share\interpreter\linkResolver.cpp, line 774]
Event: 10.231 Thread 0x00000207e1704240 Exception <a 'java/lang/NoSuchMethodError'{0x00000000873d7498}: 'java.lang.Object java.lang.invoke.DirectMethodHandle$Holder.invokeStaticInit(java.lang.Object, java.lang.Object, java.lang.Object, java.lang.Object)'> (0x00000000873d7498) 
thrown [s\open\src\hotspot\share\interpreter\linkResolver.cpp, line 774]

VM Operations (20 events):
Event: 8.372 Executing VM operation: HandshakeAllThreads done
Event: 8.522 Executing VM operation: HandshakeAllThreads
Event: 8.522 Executing VM operation: HandshakeAllThreads done
Event: 8.522 Executing VM operation: HandshakeAllThreads
Event: 8.523 Executing VM operation: HandshakeAllThreads done
Event: 8.584 Executing VM operation: HandshakeAllThreads
Event: 8.584 Executing VM operation: HandshakeAllThreads done
Event: 8.661 Executing VM operation: G1CollectForAllocation
Event: 8.667 Executing VM operation: G1CollectForAllocation done
Event: 9.105 Executing VM operation: CollectForMetadataAllocation
Event: 9.111 Executing VM operation: CollectForMetadataAllocation done
Event: 9.162 Executing VM operation: G1PauseRemark
Event: 9.165 Executing VM operation: G1PauseRemark done
Event: 9.190 Executing VM operation: G1PauseCleanup
Event: 9.190 Executing VM operation: G1PauseCleanup done
Event: 9.957 Executing VM operation: G1CollectForAllocation
Event: 9.961 Executing VM operation: G1CollectForAllocation done
Event: 10.004 Executing VM operation: G1CollectForAllocation
Event: 10.009 Executing VM operation: G1CollectForAllocation done
Event: 10.794 Executing VM operation: G1CollectForAllocation

Events (20 events):
Event: 7.626 Thread 0x00000207fa11dc10 Thread added: 0x00000207fa11dc10
Event: 7.630 Thread 0x00000207fa11dc10 Thread exited: 0x00000207fa11dc10
Event: 8.132 Thread 0x00000207fa1211a0 Thread added: 0x00000207fa1211a0
Event: 8.136 Thread 0x00000207fa1211a0 Thread exited: 0x00000207fa1211a0
Event: 8.591 Thread 0x00000207fb19a1c0 Thread added: 0x00000207fb19a1c0
Event: 8.592 Thread 0x00000207fb19a700 Thread added: 0x00000207fb19a700
Event: 8.600 Thread 0x00000207fb19cc50 Thread added: 0x00000207fb19cc50
Event: 8.638 Thread 0x00000207fb1d65d0 Thread added: 0x00000207fb1d65d0
Event: 8.639 Thread 0x00000207fb1d6b10 Thread added: 0x00000207fb1d6b10
Event: 8.643 Thread 0x00000207fb1d65d0 Thread exited: 0x00000207fb1d65d0
Event: 9.145 Thread 0x00000207fb29a040 Thread added: 0x00000207fb29a040
Event: 9.151 Thread 0x00000207fb29a040 Thread exited: 0x00000207fb29a040
Event: 9.652 Thread 0x00000207fb38c450 Thread added: 0x00000207fb38c450
Event: 9.656 Thread 0x00000207fb38c450 Thread exited: 0x00000207fb38c450
Event: 10.095 Thread 0x00000207fb20d470 Thread added: 0x00000207fb20d470
Event: 10.161 Thread 0x00000207fb29a040 Thread added: 0x00000207fb29a040
Event: 10.183 Thread 0x00000207fb29a040 Thread exited: 0x00000207fb29a040
Event: 10.201 Thread 0x00000207fb308060 Thread added: 0x00000207fb308060
Event: 10.685 Thread 0x00000207fb4e78b0 Thread added: 0x00000207fb4e78b0
Event: 10.690 Thread 0x00000207fb4e78b0 Thread exited: 0x00000207fb4e78b0


Dynamic libraries:
0x00007ff6d2320000 - 0x00007ff6d2330000 	C:\Program Files\Java\jdk-19\bin\java.exe
0x00007ffa63010000 - 0x00007ffa63208000 	C:\WINDOWS\SYSTEM32\ntdll.dll
0x00007ffa62e40000 - 0x00007ffa62eff000 	C:\WINDOWS\System32\KERNEL32.DLL
0x00007ffa60b50000 - 0x00007ffa60e46000 	C:\WINDOWS\System32\KERNELBASE.dll
0x00007ffa607f0000 - 0x00007ffa608f0000 	C:\WINDOWS\System32\ucrtbase.dll
0x00007ffa53930000 - 0x00007ffa5394b000 	C:\Program Files\Java\jdk-19\bin\VCRUNTIME140.dll
0x00007ffa52f50000 - 0x00007ffa52f68000 	C:\Program Files\Java\jdk-19\bin\jli.dll
0x00007ffa61220000 - 0x00007ffa612cf000 	C:\WINDOWS\System32\ADVAPI32.dll
0x00007ffa62f00000 - 0x00007ffa62f9e000 	C:\WINDOWS\System32\msvcrt.dll
0x00007ffa622c0000 - 0x00007ffa6235c000 	C:\WINDOWS\System32\sechost.dll
0x00007ffa62190000 - 0x00007ffa622b6000 	C:\WINDOWS\System32\RPCRT4.dll
0x00007ffa62bc0000 - 0x00007ffa62d5d000 	C:\WINDOWS\System32\USER32.dll
0x00007ffa412d0000 - 0x00007ffa4156a000 	C:\WINDOWS\WinSxS\amd64_microsoft.windows.common-controls_6595b64144ccf1df_6.0.19041.1110_none_60b5254171f9507e\COMCTL32.dll
0x00007ffa61040000 - 0x00007ffa61062000 	C:\WINDOWS\System32\win32u.dll
0x00007ffa62fa0000 - 0x00007ffa62fcc000 	C:\WINDOWS\System32\GDI32.dll
0x00007ffa60960000 - 0x00007ffa60a75000 	C:\WINDOWS\System32\gdi32full.dll
0x00007ffa60ab0000 - 0x00007ffa60b4d000 	C:\WINDOWS\System32\msvcp_win.dll
0x00007ffa53710000 - 0x00007ffa5371a000 	C:\WINDOWS\SYSTEM32\VERSION.dll
0x00007ffa628f0000 - 0x00007ffa62920000 	C:\WINDOWS\System32\IMM32.DLL
0x00007ffa53cb0000 - 0x00007ffa53cbc000 	C:\Program Files\Java\jdk-19\bin\vcruntime140_1.dll
0x00007ffa3aef0000 - 0x00007ffa3af7e000 	C:\Program Files\Java\jdk-19\bin\msvcp140.dll
0x00007ffa05560000 - 0x00007ffa06220000 	C:\Program Files\Java\jdk-19\bin\server\jvm.dll
0x00007ffa44810000 - 0x00007ffa44819000 	C:\WINDOWS\SYSTEM32\WSOCK32.dll
0x00007ffa467b0000 - 0x00007ffa467d7000 	C:\WINDOWS\SYSTEM32\WINMM.dll
0x00007ffa61330000 - 0x00007ffa6139b000 	C:\WINDOWS\System32\WS2_32.dll
0x00007ffa5e550000 - 0x00007ffa5e562000 	C:\WINDOWS\SYSTEM32\kernel.appcore.dll
0x00007ffa538c0000 - 0x00007ffa538ca000 	C:\Program Files\Java\jdk-19\bin\jimage.dll
0x00007ffa54850000 - 0x00007ffa54a34000 	C:\WINDOWS\SYSTEM32\DBGHELP.DLL
0x00007ffa546a0000 - 0x00007ffa546d4000 	C:\WINDOWS\SYSTEM32\dbgcore.DLL
0x00007ffa60e50000 - 0x00007ffa60ed2000 	C:\WINDOWS\System32\bcryptPrimitives.dll
0x00007ffa5a220000 - 0x00007ffa5a22e000 	C:\Program Files\Java\jdk-19\bin\instrument.dll
0x00007ffa52f20000 - 0x00007ffa52f46000 	C:\Program Files\Java\jdk-19\bin\java.dll
0x00007ffa3ae10000 - 0x00007ffa3aee7000 	C:\Program Files\Java\jdk-19\bin\jsvml.dll
0x00007ffa613a0000 - 0x00007ffa61ae4000 	C:\WINDOWS\System32\SHELL32.dll
0x00007ffa5e750000 - 0x00007ffa5eee3000 	C:\WINDOWS\SYSTEM32\windows.storage.dll
0x00007ffa61c70000 - 0x00007ffa61fc4000 	C:\WINDOWS\System32\combase.dll
0x00007ffa5ff80000 - 0x00007ffa5ffae000 	C:\WINDOWS\SYSTEM32\Wldp.dll
0x00007ffa61bc0000 - 0x00007ffa61c6d000 	C:\WINDOWS\System32\SHCORE.dll
0x00007ffa62b60000 - 0x00007ffa62bb5000 	C:\WINDOWS\System32\shlwapi.dll
0x00007ffa60620000 - 0x00007ffa60645000 	C:\WINDOWS\SYSTEM32\profapi.dll
0x00007ffa52460000 - 0x00007ffa52478000 	C:\Program Files\Java\jdk-19\bin\zip.dll
0x00007ffa52ba0000 - 0x00007ffa52bb3000 	C:\Program Files\Java\jdk-19\bin\net.dll
0x00007ffa52700000 - 0x00007ffa5280a000 	C:\WINDOWS\SYSTEM32\WINHTTP.dll
0x00007ffa5fd60000 - 0x00007ffa5fdca000 	C:\WINDOWS\system32\mswsock.dll
0x00007ffa52a20000 - 0x00007ffa52a36000 	C:\Program Files\Java\jdk-19\bin\nio.dll
0x00007ffa543e0000 - 0x00007ffa543fa000 	C:\Program Files\JetBrains\IntelliJ IDEA 2022.3.1\bin\breakgen64.dll
0x00007ffa53740000 - 0x00007ffa53748000 	C:\Program Files\Java\jdk-19\bin\extnet.dll
0x00007ffa5fab0000 - 0x00007ffa5fb7a000 	C:\WINDOWS\SYSTEM32\DNSAPI.dll
0x00007ffa5fa70000 - 0x00007ffa5faab000 	C:\WINDOWS\SYSTEM32\IPHLPAPI.DLL
0x00007ffa62180000 - 0x00007ffa62188000 	C:\WINDOWS\System32\NSI.dll
0x00007ffa50720000 - 0x00007ffa5072a000 	C:\Windows\System32\rasadhlp.dll
0x00007ffa49f50000 - 0x00007ffa49fd2000 	C:\WINDOWS\System32\fwpuclnt.dll
0x00007ffa60a80000 - 0x00007ffa60aa7000 	C:\WINDOWS\System32\bcrypt.dll
0x00007ffa543d0000 - 0x00007ffa543da000 	C:\Program Files\Java\jdk-19\bin\management.dll
0x00007ffa543c0000 - 0x00007ffa543cb000 	C:\Program Files\Java\jdk-19\bin\management_ext.dll
0x00007ffa62920000 - 0x00007ffa62928000 	C:\WINDOWS\System32\PSAPI.DLL
0x00007ffa5ffc0000 - 0x00007ffa5ffd8000 	C:\WINDOWS\SYSTEM32\CRYPTSP.dll
0x00007ffa5f690000 - 0x00007ffa5f6c4000 	C:\WINDOWS\system32\rsaenh.dll
0x00007ffa605a0000 - 0x00007ffa605ce000 	C:\WINDOWS\SYSTEM32\USERENV.dll
0x00007ffa5fef0000 - 0x00007ffa5fefc000 	C:\WINDOWS\SYSTEM32\CRYPTBASE.dll
0x00007ffa539a0000 - 0x00007ffa539b7000 	C:\WINDOWS\SYSTEM32\dhcpcsvc6.DLL
0x00007ffa53e90000 - 0x00007ffa53ead000 	C:\WINDOWS\SYSTEM32\dhcpcsvc.DLL
0x00007ffa415b0000 - 0x00007ffa415c7000 	C:\WINDOWS\system32\napinsp.dll
0x00007ffa41590000 - 0x00007ffa415ab000 	C:\WINDOWS\system32\pnrpnsp.dll
0x00007ffa5a190000 - 0x00007ffa5a1ad000 	C:\WINDOWS\system32\NLAapi.dll
0x00007ffa53a30000 - 0x00007ffa53a45000 	C:\WINDOWS\system32\wshbth.dll
0x00007ffa41570000 - 0x00007ffa41582000 	C:\WINDOWS\System32\winrnr.dll
0x00007ffa54400000 - 0x00007ffa5440e000 	C:\Program Files\Java\jdk-19\bin\sunmscapi.dll
0x00007ffa60ee0000 - 0x00007ffa6103e000 	C:\WINDOWS\System32\CRYPT32.dll
0x00007ffa600d0000 - 0x00007ffa600f8000 	C:\WINDOWS\SYSTEM32\ncrypt.dll
0x00007ffa60090000 - 0x00007ffa600cb000 	C:\WINDOWS\SYSTEM32\NTASN1.dll
0x00007ffa52d90000 - 0x00007ffa52da0000 	C:\Program Files\Java\jdk-19\bin\verify.dll

dbghelp: loaded successfully - version: 4.0.5 - missing functions: none
symbol engine: initialized successfully - sym options: 0x614 - pdb path: .;C:\Program Files\Java\jdk-19\bin;C:\WINDOWS\SYSTEM32;C:\WINDOWS\WinSxS\amd64_microsoft.windows.common-controls_6595b64144ccf1df_6.0.19041.1110_none_60b5254171f9507e;C:\Program Files\Java\jdk-19\bin\server;C:\Program Files\JetBrains\IntelliJ IDEA 2022.3.1\bin

VM Arguments:
jvm_args: -XX:TieredStopAtLevel=1 -Dspring.output.ansi.enabled=always -Dcom.sun.management.jmxremote -Dspring.jmx.enabled=true -Dspring.liveBeansView.mbeanDomain -Dspring.application.admin.enabled=true -Dmanagement.endpoints.jmx.exposure.include=* -javaagent:C:\Program Files\JetBrains\IntelliJ IDEA 2022.3.1\lib\idea_rt.jar=50086:C:\Program Files\JetBrains\IntelliJ IDEA 2022.3.1\bin -Dfile.encoding=UTF-8 -Dsun.stdout.encoding=UTF-8 -Dsun.stderr.encoding=UTF-8 
java_command: com.hani.vol.VolApplication
java_class_path (initial): C:\Users\Amine Hani\Desktop\Microservices E com\vol\target\classes;C:\Users\Amine Hani\.m2\repository\org\springframework\boot\spring-boot-starter-data-jpa\3.1.3\spring-boot-starter-data-jpa-3.1.3.jar;C:\Users\Amine Hani\.m2\repository\org\springframework\boot\spring-boot-starter-aop\3.1.3\spring-boot-starter-aop-3.1.3.jar;C:\Users\Amine Hani\.m2\repository\org\springframework\spring-aop\6.0.11\spring-aop-6.0.11.jar;C:\Users\Amine Hani\.m2\repository\org\aspectj\aspectjweaver\1.9.20\aspectjweaver-1.9.20.jar;C:\Users\Amine Hani\.m2\repository\org\springframework\boot\spring-boot-starter-jdbc\3.1.3\spring-boot-starter-jdbc-3.1.3.jar;C:\Users\Amine Hani\.m2\repository\com\zaxxer\HikariCP\5.0.1\HikariCP-5.0.1.jar;C:\Users\Amine Hani\.m2\repository\org\springframework\spring-jdbc\6.0.11\spring-jdbc-6.0.11.jar;C:\Users\Amine Hani\.m2\repository\org\hibernate\orm\hibernate-core\6.2.7.Final\hibernate-core-6.2.7.Final.jar;C:\Users\Amine Hani\.m2\repository\jakarta\persistence\jakarta.persistence-api\3.1.0\jakarta.persistence-api-3.1.0.jar;C:\Users\Amine Hani\.m2\repository\jakarta\transaction\jakarta.transaction-api\2.0.1\jakarta.transaction-api-2.0.1.jar;C:\Users\Amine Hani\.m2\repository\org\jboss\logging\jboss-logging\3.5.3.Final\jboss-logging-3.5.3.Final.jar;C:\Users\Amine Hani\.m2\repository\org\hibernate\common\hibernate-commons-annotations\6.0.6.Final\hibernate-commons-annotations-6.0.6.Final.jar;C:\Users\Amine Hani\.m2\repository\io\smallrye\jandex\3.0.5\jandex-3.0.5.jar;C:\Users\Amine Hani\.m2\repository\com\fasterxml\classmate\1.5.1\classmate-1.5.1.jar;C:\Users\Amine Hani\.m2\repository\net\bytebuddy\byte-buddy\1.14.6\byte-buddy-1.14.6.jar;C:\Users\Amine Hani\.m2\repository\org\glassfish\jaxb\jaxb-runtime\4.0.3\jaxb-runtime-4.0.3.jar;C:\Users\Amine Hani\.m2\repository\org\glassfish\jaxb\jaxb-core\4.0.3\jaxb-core-4.0.3.jar;C:\Users\Amine Hani\.m2\repository\org\eclipse\angus\angus-activation\2.0.1\angus-activation-2.0.1.jar;C:\Users\Amine Hani\.m2\repository\org\glassfish\jaxb\txw2\4.0.3\txw2-4.0.3.jar;C:\Users\Amine Hani\.m2\repository\com\sun\istack\istack-commons-runtime\4.1.2\istack-commons-runtime-4.1.2.jar;C:\Users\Amine Hani\.m2\repository\jakarta\inject\jakarta.inject-api\2.0.1\jakarta.inject-api-2.0.1.jar;C:\Users\Amine Hani\.m2\repository\org\antlr\antlr4-runtime\4.10.1\antlr4-runtime-4.10.1.jar;C:\Users\Amine Hani\.m2\repository\org\springframework\data\spring-data-jpa\3.1.3\spring-data-jpa-3.1.3.jar;C:\Users\Amine Hani\.m2\repository\org\springframework\data\spring-data-commons\3.1.3\spring-data-commons-3.1.3.jar;C:\Users\Amine Hani\.m2\repository\org\springframework\spring-orm\6.0.11\spring-orm-6.0.11.jar;C:\Users\Amine Hani\.m2\repository\org\springframework\spring-context\6.0.11\spring-context-6.0.11.jar;C:\Users\Amine Hani\.m2\repository\org\springframework\spring-tx\6.0.11\spring-tx-6.0.11.jar;C:\Users\Amine Hani\.m2\repository\org\springframework\spring-beans\6.0.11\spring-beans-6.0.11.jar;C:\Users\Amine Hani\.m2\repository\jakarta\annotation\jakarta.annotation-api\2.1.1\jakarta.annotation-api-2.1.1.jar;C:\Users\Amine Hani\.m2\repository\org\slf4j\slf4j-api\2.0.7\slf4j-api-2.0.7.jar;C:\Users\Amine Hani\.m2\repository\org\springframework\spring-aspects\6.0.11\spring-aspects-6.0.11.jar;C:\Users\Amine Hani\.m2\repository\org\springframework\boot\spring-boot-starter-web\3.1.3\spring-boot-starter-web-3.1.3.jar;C:\Users\Amine Hani\.m2\repository\org\springframework\boot\spring-boot-starter\3.1.3\spring-boot-starter-3.1.3.jar;C:\Users\Amine Hani\.m2\repository\org\springframework\boot\spring-boot\3.1.3\spring-boot-3.1.3.jar;C:\Users\Amine Hani\.m2\repository\org\springframework\boot\spring-boot-autoconfigure\3.1.3\spring-boot-autoconfigure-3.1.3.jar;C:\Users\Amine Hani\.m2\repository\org\springframework\boot\spring-boot-starter-logging\3.1.3\spring-boot-starter-logging-3.1.3.jar;C:\Users\Amine Hani\.m2\repository\ch\qos\logback\logback-classic\1.4.11\logback-classic-1.4.11.jar;C:\Users\Amine Hani\.m2\repository\ch\qos\logback\logback-core\1.4.11\logback-core-1.4.11.jar;C:\Users\Amine Hani\.m2\repository\org\apache\logging\log4j\log4j-to-slf4j\2.20.0\log4j-to-slf4j-2.20.0.jar;C:\Users\Amine Hani\.m2\repository\org\apache\logging\log4j\log4j-api\2.20.0\log4j-api-2.20.0.jar;C:\Users\Amine Hani\.m2\repository\org\slf4j\jul-to-slf4j\2.0.7\jul-to-slf4j-2.0.7.jar;C:\Users\Amine Hani\.m2\repository\org\yaml\snakeyaml\1.33\snakeyaml-1.33.jar;C:\Users\Amine Hani\.m2\repository\org\springframework\boot\spring-boot-starter-json\3.1.3\spring-boot-starter-json-3.1.3.jar;C:\Users\Amine Hani\.m2\repository\com\fasterxml\jackson\datatype\jackson-datatype-jdk8\2.15.2\jackson-datatype-jdk8-2.15.2.jar;C:\Users\Amine Hani\.m2\repository\com\fasterxml\jackson\datatype\jackson-datatype-jsr310\2.15.2\jackson-datatype-jsr310-2.15.2.jar;C:\Users\Amine Hani\.m2\repository\com\fasterxml\jackson\module\jackson-module-parameter-names\2.15.2\jackson-module-parameter-names-2.15.2.jar;C:\Users\Amine Hani\.m2\repository\org\springframework\boot\spring-boot-starter-tomcat\3.1.3\spring-boot-starter-tomcat-3.1.3.jar;C:\Users\Amine Hani\.m2\repository\org\apache\tomcat\embed\tomcat-embed-core\10.1.12\tomcat-embed-core-10.1.12.jar;C:\Users\Amine Hani\.m2\repository\org\apache\tomcat\embed\tomcat-embed-el\10.1.12\tomcat-embed-el-10.1.12.jar;C:\Users\Amine Hani\.m2\repository\org\apache\tomcat\embed\tomcat-embed-websocket\10.1.12\tomcat-embed-websocket-10.1.12.jar;C:\Users\Amine Hani\.m2\repository\org\springframework\spring-web\6.0.11\spring-web-6.0.11.jar;C:\Users\Amine Hani\.m2\repository\io\micrometer\micrometer-observation\1.11.3\micrometer-observation-1.11.3.jar;C:\Users\Amine Hani\.m2\repository\io\micrometer\micrometer-commons\1.11.3\micrometer-commons-1.11.3.jar;C:\Users\Amine Hani\.m2\repository\org\springframework\spring-webmvc\6.0.11\spring-webmvc-6.0.11.jar;C:\Users\Amine Hani\.m2\repository\org\springframework\spring-expression\6.0.11\spring-expression-6.0.11.jar;C:\Users\Amine Hani\.m2\repository\org\springframework\cloud\spring-cloud-starter-config\4.0.4\spring-cloud-starter-config-4.0.4.jar;C:\Users\Amine Hani\.m2\repository\org\springframework\cloud\spring-cloud-starter\4.0.4\spring-cloud-starter-4.0.4.jar;C:\Users\Amine Hani\.m2\repository\org\springframework\cloud\spring-cloud-context\4.0.4\spring-cloud-context-4.0.4.jar;C:\Users\Amine Hani\.m2\repository\org\springframework\security\spring-security-crypto\6.1.3\spring-security-crypto-6.1.3.jar;C:\Users\Amine Hani\.m2\repository\org\springframework\cloud\spring-cloud-commons\4.0.4\spring-cloud-commons-4.0.4.jar;C:\Users\Amine Hani\.m2\repository\org\springframework\security\spring-security-rsa\1.0.12.RELEASE\spring-security-rsa-1.0.12.RELEASE.jar;C:\Users\Amine Hani\.m2\repository\org\bouncycastle\bcpkix-jdk18on\1.73\bcpkix-jdk18on-1.73.jar;C:\Users\Amine Hani\.m2\repository\org\bouncycastle\bcprov-jdk18on\1.73\bcprov-jdk18on-1.73.jar;C:\Users\Amine Hani\.m2\repository\org\bouncycastle\bcutil-jdk18on\1.73\bcutil-jdk18on-1.73.jar;C:\Users\Amine Hani\.m2\repository\org\springframework\cloud\spring-cloud-config-client\4.0.4\spring-cloud-config-client-4.0.4.jar;C:\Users\Amine Hani\.m2\repository\com\fasterxml\jackson\core\jackson-annotations\2.15.2\jackson-annotations-2.15.2.jar;C:\Users\Amine Hani\.m2\repository\org\apache\httpcomponents\client5\httpclient5\5.2.1\httpclient5-5.2.1.jar;C:\Users\Amine Hani\.m2\repository\org\apache\httpcomponents\core5\httpcore5\5.2.2\httpcore5-5.2.2.jar;C:\Users\Amine Hani\.m2\repository\org\apache\httpcomponents\core5\httpcore5-h2\5.2.2\httpcore5-h2-5.2.2.jar;C:\Users\Amine Hani\.m2\repository\com\fasterxml\jackson\core\jackson-databind\2.15.2\jackson-databind-2.15.2.jar;C:\Users\Amine Hani\.m2\repository\com\fasterxml\jackson\core\jackson-core\2.15.2\jackson-core-2.15.2.jar;C:\Users\Amine Hani\.m2\repository\org\springframework\cloud\spring-cloud-starter-netflix-eureka-client\4.0.3\spring-cloud-starter-netflix-eureka-client-4.0.3.jar;C:\Users\Amine Hani\.m2\repository\org\springframework\cloud\spring-cloud-netflix-eureka-client\4.0.3\spring-cloud-netflix-eureka-client-4.0.3.jar;C:\Users\Amine Hani\.m2\repository\com\netflix\eureka\eureka-client\2.0.1\eureka-client-2.0.1.jar;C:\Users\Amine Hani\.m2\repository\com\netflix\netflix-commons\netflix-eventbus\0.3.0\netflix-eventbus-0.3.0.jar;C:\Users\Amine Hani\.m2\repository\com\netflix\netflix-commons\netflix-infix\0.3.0\netflix-infix-0.3.0.jar;C:\Users\Amine Hani\.m2\repository\commons-jxpath\commons-jxpath\1.3\commons-jxpath-1.3.jar;C:\Users\Amine Hani\.m2\repository\joda-time\joda-time\2.3\joda-time-2.3.jar;C:\Users\Amine Hani\.m2\repository\org\antlr\antlr-runtime\3.4\antlr-runtime-3.4.jar;C:\Users\Amine Hani\.m2\repository\org\antlr\stringtemplate\3.2.1\stringtemplate-3.2.1.jar;C:\Users\Amine Hani\.m2\repository\antlr\antlr\2.7.7\antlr-2.7.7.jar;C:\Users\Amine Hani\.m2\repository\com\google\code\gson\gson\2.10.1\gson-2.10.1.jar;C:\Users\Amine Hani\.m2\repository\org\apache\commons\commons-math\2.2\commons-math-2.2.jar;C:\Users\Amine Hani\.m2\repository\com\thoughtworks\xstream\xstream\1.4.19\xstream-1.4.19.jar;C:\Users\Amine Hani\.m2\repository\io\github\x-stream\mxparser\1.2.2\mxparser-1.2.2.jar;C:\Users\Amine Hani\.m2\repository\xmlpull\xmlpull\1.1.3.1\xmlpull-1.1.3.1.jar;C:\Users\Amine Hani\.m2\repository\jakarta\ws\rs\jakarta.ws.rs-api\3.1.0\jakarta.ws.rs-api-3.1.0.jar;C:\Users\Amine Hani\.m2\repository\com\netflix\servo\servo-core\0.12.21\servo-core-0.12.21.jar;C:\Users\Amine Hani\.m2\repository\com\google\guava\guava\19.0\guava-19.0.jar;C:\Users\Amine Hani\.m2\repository\org\apache\httpcomponents\httpclient\4.5.3\httpclient-4.5.3.jar;C:\Users\Amine Hani\.m2\repository\org\apache\httpcomponents\httpcore\4.4.16\httpcore-4.4.16.jar;C:\Users\Amine Hani\.m2\repository\commons-codec\commons-codec\1.15\commons-codec-1.15.jar;C:\Users\Amine Hani\.m2\repository\commons-configuration\commons-configuration\1.10\commons-configuration-1.10.jar;C:\Users\Amine Hani\.m2\repository\commons-lang\commons-lang\2.6\commons-lang-2.6.jar;C:\Users\Amine Hani\.m2\repository\org\codehaus\jettison\jettison\1.4.0\jettison-1.4.0.jar;C:\Users\Amine Hani\.m2\repository\com\netflix\eureka\eureka-core\2.0.1\eureka-core-2.0.1.jar;C:\Users\Amine Hani\.m2\repository\jakarta\servlet\jakarta.servlet-api\6.0.0\jakarta.servlet-api-6.0.0.jar;C:\Users\Amine Hani\.m2\repository\com\fasterxml\woodstox\woodstox-core\6.2.1\woodstox-core-6.2.1.jar;C:\Users\Amine Hani\.m2\repository\org\codehaus\woodstox\stax2-api\4.2.1\stax2-api-4.2.1.jar;C:\Users\Amine Hani\.m2\repository\org\springframework\cloud\spring-cloud-starter-loadbalancer\4.0.4\spring-cloud-starter-loadbalancer-4.0.4.jar;C:\Users\Amine Hani\.m2\repository\org\springframework\cloud\spring-cloud-loadbalancer\4.0.4\spring-cloud-loadbalancer-4.0.4.jar;C:\Users\Amine Hani\.m2\repository\io\projectreactor\reactor-core\3.5.9\reactor-core-3.5.9.jar;C:\Users\Amine Hani\.m2\repository\org\reactivestreams\reactive-streams\1.0.4\reactive-streams-1.0.4.jar;C:\Users\Amine Hani\.m2\repository\io\projectreactor\addons\reactor-extra\3.5.1\reactor-extra-3.5.1.jar;C:\Users\Amine Hani\.m2\repository\org\springframework\boot\spring-boot-starter-cache\3.1.3\spring-boot-starter-cache-3.1.3.jar;C:\Users\Amine Hani\.m2\repository\org\springframework\spring-context-support\6.0.11\spring-context-support-6.0.11.jar;C:\Users\Amine Hani\.m2\repository\com\stoyanr\evictor\1.0.0\evictor-1.0.0.jar;C:\Users\Amine Hani\.m2\repository\com\mysql\mysql-connector-j\8.0.33\mysql-connector-j-8.0.33.jar;C:\Users\Amine Hani\.m2\repository\org\projectlombok\lombok\1.18.28\lombok-1.18.28.jar;C:\Users\Amine Hani\.m2\repository\jakarta\xml\bind\jakarta.xml.bind-api\4.0.0\jakarta.xml.bind-api-4.0.0.jar;C:\Users\Amine Hani\.m2\repository\jakarta\activation\jakarta.activation-api\2.1.2\jakarta.activation-api-2.1.2.jar;C:\Users\Amine Hani\.m2\repository\org\springframework\spring-core\6.0.11\spring-core-6.0.11.jar;C:\Users\Amine Hani\.m2\repository\org\springframework\spring-jcl\6.0.11\spring-jcl-6.0.11.jar
Launcher Type: SUN_STANDARD

[Global flags]
     intx CICompilerCount                          = 3                                         {product} {ergonomic}
     uint ConcGCThreads                            = 1                                         {product} {ergonomic}
     uint G1ConcRefinementThreads                  = 4                                         {product} {ergonomic}
   size_t G1HeapRegionSize                         = 1048576                                   {product} {ergonomic}
    uintx GCDrainStackTargetSize                   = 64                                        {product} {ergonomic}
   size_t InitialHeapSize                          = 134217728                                 {product} {ergonomic}
     bool ManagementServer                         = true                                      {product} {command line}
   size_t MarkStackSize                            = 4194304                                   {product} {ergonomic}
   size_t MaxHeapSize                              = 2116026368                                {product} {ergonomic}
   size_t MaxNewSize                               = 1268776960                                {product} {ergonomic}
   size_t MinHeapDeltaBytes                        = 1048576                                   {product} {ergonomic}
   size_t MinHeapSize                              = 8388608                                   {product} {ergonomic}
    uintx NonProfiledCodeHeapSize                  = 0                                      {pd product} {ergonomic}
     bool ProfileInterpreter                       = false                                  {pd product} {command line}
    uintx ProfiledCodeHeapSize                     = 0                                      {pd product} {ergonomic}
   size_t SoftMaxHeapSize                          = 2116026368                             {manageable} {ergonomic}
     intx TieredStopAtLevel                        = 1                                         {product} {command line}
     bool UseCompressedClassPointers               = true                           {product lp64_product} {ergonomic}
     bool UseCompressedOops                        = true                           {product lp64_product} {ergonomic}
     bool UseG1GC                                  = true                                      {product} {ergonomic}
     bool UseLargePagesIndividualAllocation        = false                                  {pd product} {ergonomic}

Logging:
Log output configuration:
 #0: stdout all=warning uptime,level,tags foldmultilines=false
 #1: stderr all=off uptime,level,tags foldmultilines=false

Environment Variables:
JAVA_HOME=C:\Program Files\Java\jdk1.8.0_202
PATH=C:\Python27\;C:\Python27\Scripts;C:\Program Files\Python311\Scripts\;C:\Program Files\Python311\;C:\Program Files (x86)\Common Files\Oracle\Java\javapath;C:\oraclexe\app\oracle\product\11.2.0\server\bin;C:\WINDOWS\system32;C:\WINDOWS;C:\WINDOWS\System32\Wbem;C:\WINDOWS\System32\WindowsPowerShell\v1.0\;C:\WINDOWS\System32\OpenSSH\;C:\MinGW\bin;C:\Users\Amine Hani\Downloads\windows_10_msbuild_Release_graphviz-7.1.0-win32.zip\Graphviz\bin;C:\Program Files\nodejs\;C:\jdk-19_windows-x64_bin\jdk-19.0.2\bin;C:\Users\Amine Hani\Desktop\javafx-sdk-19.0.2.1\lib;C:\Users\Amine Hani\Desktop\mingw64\bin;C:\Program Files\Git\cmd;C:\src\flutter\bin;C:\cmdline-tools\9.0\bin;C:\apache-cassandra-3.11.4\bin;C:\Android Emulator;C:\Android Emulator\cmdline-tools\tools;C:\Android Emulator\cmdline-tools\tools\bin;;C:\Program Files\Docker\Docker\resources\bin;C:\Users\Amine Hani\AppData\Local\Microsoft\WindowsApps;C:\Users\Amine Hani\AppData\Local\Programs\Microsoft VS Code\bin;C:\Users\Amine Hani\AppData\Roaming\npm;
USERNAME=Amine Hani
OS=Windows_NT
PROCESSOR_IDENTIFIER=Intel64 Family 6 Model 78 Stepping 3, GenuineIntel
TMP=C:\Users\AMINEH~1\AppData\Local\Temp
TEMP=C:\Users\AMINEH~1\AppData\Local\Temp



---------------  S Y S T E M  ---------------

OS:
 Windows 10 , 64 bit Build 19041 (10.0.19041.3155)
OS uptime: 0 days 7:56 hours
Hyper-V role detected

CPU: total 4 (initial active 4) (2 cores per cpu, 2 threads per core) family 6 model 78 stepping 3 microcode 0xf0, cx8, cmov, fxsr, ht, mmx, 3dnowpref, sse, sse2, sse3, ssse3, sse4.1, sse4.2, popcnt, lzcnt, tsc, tscinvbit, avx, avx2, aes, erms, clmul, bmi1, bmi2, rtm, adx, fma, vzeroupper, clflush, clflushopt, hv, rdtscp

Memory: 4k page, system-wide physical 8071M (139M free)
TotalPageFile size 29441M (AvailPageFile size 5M)
current process WorkingSet (physical memory assigned to process): 168M, peak: 168M
current process commit charge ("private bytes"): 200M, peak: 238M

vm_info: Java HotSpot(TM) 64-Bit Server VM (19.0.2+7-44) for windows-amd64 JRE (19.0.2+7-44), built on 2022-11-30T18:02:09Z by "mach5one" with MS VC++ 17.1 (VS2022)

END.
